


10.1.10.5 node1
10.1.10.6 node2

# execute on node 1
sudo hostnamectl set-hostname node1
echo 127.0.0.1 node1|sudo tee -a /etc/hosts
echo 10.1.10.5 node1|sudo tee -a /etc/hosts
echo 10.1.10.6 node2|sudo tee -a /etc/hosts

# execute on node 2
sudo hostnamectl set-hostname node2
echo 127.0.0.1 node2|sudo tee -a /etc/hosts
echo 10.1.10.5 node1|sudo tee -a /etc/hosts
echo 10.1.10.6 node2|sudo tee -a /etc/hosts


sudo apt -y update
sudo apt -y upgrade

sudo apt -y install ntp
sudo systemctl enable ntp
sudo systemctl start ntp
sudo systemctl status ntp

# install timezone
sudo cp /usr/share/zoneinfo/Europe/Riga /etc/localtime
# check date now
date



# https://downloads.mariadb.org/mariadb/repositories/#mirror=digitalocean-nyc&version=10.3
sudo apt-get install software-properties-common
sudo apt-key adv --recv-keys --keyserver hkp://keyserver.ubuntu.com:80 0xF1656F24C74CD1D8
sudo add-apt-repository 'deb [arch=amd64,arm64,ppc64el] http://nyc2.mirrors.digitalocean.com/mariadb/repo/10.3/ubuntu bionic main'

sudo apt -y update
sudo apt -y install mariadb-server








